<?xml version="1.0" encoding="UTF-8"?>
<!-- Generated by org.testng.reporters.JUnitReportReporter -->
<testsuite hostname="DESKTOP-Q4RLJUB" failures="0" tests="2" name="com.noCommerceVFinal.testcases.TC_RegisterationPageTest" time="8.784" errors="0" timestamp="2023-10-10T12:50:42 IST" skipped="0">
  <testcase classname="com.noCommerceVFinal.testcases.TC_RegisterationPageTest" name="verifyRegistrationAndLogin" time="3.724"/>
  <system-out/>
  <testcase classname="com.noCommerceVFinal.testcases.TC_RegisterationPageTest" name="verifyLogin" time="5.060"/>
  <system-out/>
</testsuite> <!-- com.noCommerceVFinal.testcases.TC_RegisterationPageTest -->
